09/14/2021 10:23:44 PM UTC - INFO - Configuration file loaded from config/config.yaml
09/14/2021 10:24:25 PM UTC - INFO - Configuration file loaded from config/config.yaml
09/14/2021 10:25:25 PM UTC - DEBUG - Changing event name from creating-client-class.iot-data to creating-client-class.iot-data-plane
09/14/2021 10:25:25 PM UTC - DEBUG - Changing event name from before-call.apigateway to before-call.api-gateway
09/14/2021 10:25:25 PM UTC - DEBUG - Changing event name from request-created.machinelearning.Predict to request-created.machine-learning.Predict
09/14/2021 10:25:25 PM UTC - DEBUG - Changing event name from before-parameter-build.autoscaling.CreateLaunchConfiguration to before-parameter-build.auto-scaling.CreateLaunchConfiguration
09/14/2021 10:25:25 PM UTC - DEBUG - Changing event name from before-parameter-build.route53 to before-parameter-build.route-53
09/14/2021 10:25:25 PM UTC - DEBUG - Changing event name from request-created.cloudsearchdomain.Search to request-created.cloudsearch-domain.Search
09/14/2021 10:25:25 PM UTC - DEBUG - Changing event name from docs.*.autoscaling.CreateLaunchConfiguration.complete-section to docs.*.auto-scaling.CreateLaunchConfiguration.complete-section
09/14/2021 10:25:25 PM UTC - DEBUG - Changing event name from before-parameter-build.logs.CreateExportTask to before-parameter-build.cloudwatch-logs.CreateExportTask
09/14/2021 10:25:25 PM UTC - DEBUG - Changing event name from docs.*.logs.CreateExportTask.complete-section to docs.*.cloudwatch-logs.CreateExportTask.complete-section
09/14/2021 10:25:25 PM UTC - DEBUG - Changing event name from before-parameter-build.cloudsearchdomain.Search to before-parameter-build.cloudsearch-domain.Search
09/14/2021 10:25:25 PM UTC - DEBUG - Changing event name from docs.*.cloudsearchdomain.Search.complete-section to docs.*.cloudsearch-domain.Search.complete-section
09/14/2021 10:25:25 PM UTC - DEBUG - Loading JSON file: /usr/local/lib/python3.6/dist-packages/botocore/data/endpoints.json
09/14/2021 10:25:25 PM UTC - DEBUG - Event choose-service-name: calling handler <function handle_service_name_alias at 0x7fdd273b8f28>
09/14/2021 10:25:25 PM UTC - DEBUG - Loading JSON file: /usr/local/lib/python3.6/dist-packages/botocore/data/s3/2006-03-01/service-2.json
09/14/2021 10:25:25 PM UTC - DEBUG - Event creating-client-class.s3: calling handler <function add_generate_presigned_post at 0x7fdd2740a8c8>
09/14/2021 10:25:25 PM UTC - DEBUG - Event creating-client-class.s3: calling handler <function lazy_call.<locals>._handler at 0x7fdd2ad90c80>
09/14/2021 10:25:25 PM UTC - DEBUG - Event creating-client-class.s3: calling handler <function add_generate_presigned_url at 0x7fdd2740a6a8>
09/14/2021 10:25:25 PM UTC - DEBUG - Assuming an endpoint for s3, : https://s3..amazonaws.com
09/14/2021 10:36:58 PM UTC - INFO - Configuration file loaded from config/config.yaml
